<?xml version="1.0" encoding="UTF-8"?>
<coverage generated="1781601520631" clover="3.2.0">
  <project timestamp="1781601520631" name="All files">
    <metrics statements="3" coveredstatements="3" conditionals="2" coveredconditionals="1" methods="2" coveredmethods="2" elements="7" coveredelements="6" complexity="0" loc="3" ncloc="3" packages="1" files="1" classes="1"/>
    <file name="App.js" path="D:\VNPAY\demo_javaVnpay\sit-vnpay\sit-ui\src\App.js">
      <metrics statements="3" coveredstatements="3" conditionals="2" coveredconditionals="1" methods="2" coveredmethods="2"/>
      <line num="12" count="1" type="stmt"/>
      <line num="28" count="1" type="cond" truecount="1" falsecount="1"/>
      <line num="35" count="1" type="stmt"/>
    </file>
  </project>
</coverage>
