{"D:\\VNPAY\\demo_javaVnpay\\sit-vnpay\\sit-ui\\src\\App.js": {"path":"D:\\VNPAY\\demo_javaVnpay\\sit-vnpay\\sit-ui\\src\\App.js","statementMap":{"0":{"start":{"line":12,"column":2},"end":{"line":45,"column":4}},"1":{"start":{"line":28,"column":32},"end":{"line":34,"column":17}},"2":{"start":{"line":35,"column":16},"end":{"line":37,"column":18}}},"fnMap":{"0":{"name":"App","decl":{"start":{"line":11,"column":9},"end":{"line":11,"column":12}},"loc":{"start":{"line":11,"column":15},"end":{"line":46,"column":1}},"line":11},"1":{"name":"(anonymous_1)","decl":{"start":{"line":27,"column":26},"end":{"line":27,"column":27}},"loc":{"start":{"line":27,"column":37},"end":{"line":38,"column":15}},"line":27}},"branchMap":{"0":{"loc":{"start":{"line":28,"column":32},"end":{"line":34,"column":17}},"type":"cond-expr","locations":[{"start":{"line":29,"column":18},"end":{"line":31,"column":33}},{"start":{"line":33,"column":18},"end":{"line":33,"column":37}}],"line":28}},"s":{"0":1,"1":1,"2":1},"f":{"0":1,"1":1},"b":{"0":[0,1]},"_coverageSchema":"1a1c01bbd47fc00a2c39e90264f33305004495a9","hash":"a86d517edf7cb06efead6dc4cf6913648e844dc6"}
}
